# JRE version: OpenJDK Runtime Environment (8.0_322-b06) (build 1.8.0_322-b06)
# Java VM: OpenJDK 64-Bit Server VM (25.322-b06 mixed mode windows-amd64 compressed oops)
Heap:
 PSYoungGen      total 75776K, used 74605K [0x000000076b780000, 0x0000000774380000, 0x00000007c0000000)
  eden space 65024K, 98% used [0x000000076b780000,0x000000076f5db7a0,0x000000076f700000)
  from space 10752K, 100% used [0x000000076f700000,0x0000000770180000,0x0000000770180000)
  to   space 26624K, 0% used [0x0000000772980000,0x0000000772980000,0x0000000774380000)
 ParOldGen       total 146432K, used 41453K [0x00000006c2600000, 0x00000006cb500000, 0x000000076b780000)
  object space 146432K, 28% used [0x00000006c2600000,0x00000006c4e7b498,0x00000006cb500000)
 Metaspace       used 28846K, capacity 29232K, committed 29568K, reserved 1075200K
  class space    used 3788K, capacity 3922K, committed 3968K, reserved 1048576K
GC Heap History (10 events):
Event: 18.193 GC heap before
{Heap before GC invocations=4 (full 0):
 PSYoungGen      total 75776K, used 75775K [0x000000076b780000, 0x0000000770c00000, 0x00000007c0000000)
  eden space 65024K, 100% used [0x000000076b780000,0x000000076f700000,0x000000076f700000)
  from space 10752K, 99% used [0x000000076f700000,0x000000077017fe80,0x0000000770180000)
  to   space 10752K, 0% used [0x0000000770180000,0x0000000770180000,0x0000000770c00000)
 ParOldGen       total 173568K, used 11060K [0x00000006c2600000, 0x00000006ccf80000, 0x000000076b780000)
  object space 173568K, 6% used [0x00000006c2600000,0x00000006c30cd350,0x00000006ccf80000)
 Metaspace       used 19125K, capacity 19356K, committed 19712K, reserved 1067008K
  class space    used 2384K, capacity 2448K, committed 2560K, reserved 1048576K
Event: 18.222 GC heap after
Heap after GC invocations=4 (full 0):
 PSYoungGen      total 75776K, used 10725K [0x000000076b780000, 0x0000000770c00000, 0x00000007c0000000)
  eden space 65024K, 0% used [0x000000076b780000,0x000000076b780000,0x000000076f700000)
  from space 10752K, 99% used [0x0000000770180000,0x0000000770bf9478,0x0000000770c00000)
  to   space 10752K, 0% used [0x000000076f700000,0x000000076f700000,0x0000000770180000)
 ParOldGen       total 173568K, used 23408K [0x00000006c2600000, 0x00000006ccf80000, 0x000000076b780000)
  object space 173568K, 13% used [0x00000006c2600000,0x00000006c3cdc3a0,0x00000006ccf80000)
 Metaspace       used 19125K, capacity 19356K, committed 19712K, reserved 1067008K
  class space    used 2384K, capacity 2448K, committed 2560K, reserved 1048576K
}
Event: 19.224 GC heap before
{Heap before GC invocations=5 (full 0):
 PSYoungGen      total 75776K, used 25047K [0x000000076b780000, 0x0000000770c00000, 0x00000007c0000000)
  eden space 65024K, 22% used [0x000000076b780000,0x000000076c57c990,0x000000076f700000)
  from space 10752K, 99% used [0x0000000770180000,0x0000000770bf9478,0x0000000770c00000)
  to   space 10752K, 0% used [0x000000076f700000,0x000000076f700000,0x0000000770180000)
 ParOldGen       total 173568K, used 23408K [0x00000006c2600000, 0x00000006ccf80000, 0x000000076b780000)
  object space 173568K, 13% used [0x00000006c2600000,0x00000006c3cdc3a0,0x00000006ccf80000)
 Metaspace       used 20821K, capacity 21058K, committed 21296K, reserved 1069056K
  class space    used 2618K, capacity 2673K, committed 2688K, reserved 1048576K
Event: 19.245 GC heap after
Heap after GC invocations=5 (full 0):
 PSYoungGen      total 75776K, used 10748K [0x000000076b780000, 0x0000000770c00000, 0x00000007c0000000)
  eden space 65024K, 0% used [0x000000076b780000,0x000000076b780000,0x000000076f700000)
  from space 10752K, 99% used [0x000000076f700000,0x000000077017f0b0,0x0000000770180000)
  to   space 10752K, 0% used [0x0000000770180000,0x0000000770180000,0x0000000770c00000)
 ParOldGen       total 173568K, used 25661K [0x00000006c2600000, 0x00000006ccf80000, 0x000000076b780000)
  object space 173568K, 14% used [0x00000006c2600000,0x00000006c3f0f7b8,0x00000006ccf80000)
 Metaspace       used 20821K, capacity 21058K, committed 21296K, reserved 1069056K
  class space    used 2618K, capacity 2673K, committed 2688K, reserved 1048576K
}
Event: 19.246 GC heap before
{Heap before GC invocations=6 (full 1):
 PSYoungGen      total 75776K, used 10748K [0x000000076b780000, 0x0000000770c00000, 0x00000007c0000000)
  eden space 65024K, 0% used [0x000000076b780000,0x000000076b780000,0x000000076f700000)
  from space 10752K, 99% used [0x000000076f700000,0x000000077017f0b0,0x0000000770180000)
  to   space 10752K, 0% used [0x0000000770180000,0x0000000770180000,0x0000000770c00000)
 ParOldGen       total 173568K, used 25661K [0x00000006c2600000, 0x00000006ccf80000, 0x000000076b780000)
  object space 173568K, 14% used [0x00000006c2600000,0x00000006c3f0f7b8,0x00000006ccf80000)
 Metaspace       used 20821K, capacity 21058K, committed 21296K, reserved 1069056K
  class space    used 2618K, capacity 2673K, committed 2688K, reserved 1048576K
Event: 19.471 GC heap after
Heap after GC invocations=6 (full 1):
 PSYoungGen      total 75776K, used 0K [0x000000076b780000, 0x0000000770c00000, 0x00000007c0000000)
  eden space 65024K, 0% used [0x000000076b780000,0x000000076b780000,0x000000076f700000)
  from space 10752K, 0% used [0x000000076f700000,0x000000076f700000,0x0000000770180000)
  to   space 10752K, 0% used [0x0000000770180000,0x0000000770180000,0x0000000770c00000)
 ParOldGen       total 146432K, used 30196K [0x00000006c2600000, 0x00000006cb500000, 0x000000076b780000)
  object space 146432K, 20% used [0x00000006c2600000,0x00000006c437d3d0,0x00000006cb500000)
 Metaspace       used 20821K, capacity 21058K, committed 21296K, reserved 1069056K
  class space    used 2618K, capacity 2673K, committed 2688K, reserved 1048576K
}
Event: 24.216 GC heap before
{Heap before GC invocations=7 (full 1):
 PSYoungGen      total 75776K, used 65024K [0x000000076b780000, 0x0000000770c00000, 0x00000007c0000000)
  eden space 65024K, 100% used [0x000000076b780000,0x000000076f700000,0x000000076f700000)
  from space 10752K, 0% used [0x000000076f700000,0x000000076f700000,0x0000000770180000)
  to   space 10752K, 0% used [0x0000000770180000,0x0000000770180000,0x0000000770c00000)
 ParOldGen       total 146432K, used 30196K [0x00000006c2600000, 0x00000006cb500000, 0x000000076b780000)
  object space 146432K, 20% used [0x00000006c2600000,0x00000006c437d3d0,0x00000006cb500000)
 Metaspace       used 22597K, capacity 22868K, committed 23216K, reserved 1069056K
  class space    used 2914K, capacity 2996K, committed 3072K, reserved 1048576K
Event: 24.233 GC heap after
Heap after GC invocations=7 (full 1):
 PSYoungGen      total 75776K, used 10752K [0x000000076b780000, 0x0000000770c00000, 0x00000007c0000000)
  eden space 65024K, 0% used [0x000000076b780000,0x000000076b780000,0x000000076f700000)
  from space 10752K, 100% used [0x0000000770180000,0x0000000770c00000,0x0000000770c00000)
  to   space 10752K, 0% used [0x000000076f700000,0x000000076f700000,0x0000000770180000)
 ParOldGen       total 146432K, used 31526K [0x00000006c2600000, 0x00000006cb500000, 0x000000076b780000)
  object space 146432K, 21% used [0x00000006c2600000,0x00000006c44c9880,0x00000006cb500000)
 Metaspace       used 22597K, capacity 22868K, committed 23216K, reserved 1069056K
  class space    used 2914K, capacity 2996K, committed 3072K, reserved 1048576K
}
Event: 28.984 GC heap before
{Heap before GC invocations=8 (full 1):
 PSYoungGen      total 75776K, used 75776K [0x000000076b780000, 0x0000000770c00000, 0x00000007c0000000)
  eden space 65024K, 100% used [0x000000076b780000,0x000000076f700000,0x000000076f700000)
  from space 10752K, 100% used [0x0000000770180000,0x0000000770c00000,0x0000000770c00000)
  to   space 10752K, 0% used [0x000000076f700000,0x000000076f700000,0x0000000770180000)
 ParOldGen       total 146432K, used 31526K [0x00000006c2600000, 0x00000006cb500000, 0x000000076b780000)
  object space 146432K, 21% used [0x00000006c2600000,0x00000006c44c9880,0x00000006cb500000)
 Metaspace       used 23702K, capacity 24062K, committed 24448K, reserved 1071104K
  class space    used 3106K, capacity 3195K, committed 3200K, reserved 1048576K
Event: 29.011 GC heap after
Heap after GC invocations=8 (full 1):
 PSYoungGen      total 75776K, used 10752K [0x000000076b780000, 0x0000000774380000, 0x00000007c0000000)
  eden space 65024K, 0% used [0x000000076b780000,0x000000076b780000,0x000000076f700000)
  from space 10752K, 100% used [0x000000076f700000,0x0000000770180000,0x0000000770180000)
  to   space 26624K, 0% used [0x0000000772980000,0x0000000772980000,0x0000000774380000)
 ParOldGen       total 146432K, used 41453K [0x00000006c2600000, 0x00000006cb500000, 0x000000076b780000)
  object space 146432K, 28% used [0x00000006c2600000,0x00000006c4e7b498,0x00000006cb500000)
 Metaspace       used 23702K, capacity 24062K, committed 24448K, reserved 1071104K
  class space    used 3106K, capacity 3195K, committed 3200K, reserved 1048576K
}

